<?xml version="1.0" encoding="UTF-8"?>
<coverage generated="1676753215090" clover="3.2.0">
  <project timestamp="1676753215091" name="All files">
    <metrics statements="75" coveredstatements="62" conditionals="48" coveredconditionals="43" methods="18" coveredmethods="16" elements="141" coveredelements="121" complexity="0" loc="75" ncloc="75" packages="3" files="7" classes="7"/>
    <package name="screens.HomeScreen">
      <metrics statements="47" coveredstatements="37" conditionals="22" coveredconditionals="18" methods="11" coveredmethods="10"/>
      <file name="index.js" path="/Users/hussainibulama/nowsinage/screens/HomeScreen/index.js">
        <metrics statements="46" coveredstatements="36" conditionals="22" coveredconditionals="18" methods="11" coveredmethods="10"/>
        <line num="13" count="1" type="stmt"/>
        <line num="20" count="9" type="stmt"/>
        <line num="21" count="9" type="stmt"/>
        <line num="22" count="9" type="stmt"/>
        <line num="23" count="9" type="stmt"/>
        <line num="24" count="9" type="stmt"/>
        <line num="26" count="9" type="stmt"/>
        <line num="28" count="18" type="stmt"/>
        <line num="29" count="18" type="stmt"/>
        <line num="30" count="0" type="stmt"/>
        <line num="33" count="9" type="stmt"/>
        <line num="35" count="6" type="stmt"/>
        <line num="36" count="6" type="stmt"/>
        <line num="38" count="6" type="stmt"/>
        <line num="39" count="6" type="stmt"/>
        <line num="42" count="6" type="stmt"/>
        <line num="44" count="18" type="stmt"/>
        <line num="45" count="0" type="stmt"/>
        <line num="46" count="0" type="stmt"/>
        <line num="50" count="0" type="stmt"/>
        <line num="51" count="0" type="stmt"/>
        <line num="53" count="0" type="stmt"/>
        <line num="55" count="6" type="stmt"/>
        <line num="56" count="6" type="stmt"/>
        <line num="60" count="9" type="stmt"/>
        <line num="62" count="6" type="stmt"/>
        <line num="63" count="6" type="cond" truecount="1" falsecount="1"/>
        <line num="64" count="0" type="stmt"/>
        <line num="67" count="6" type="stmt"/>
        <line num="71" count="9" type="stmt"/>
        <line num="73" count="1" type="cond" truecount="1" falsecount="1"/>
        <line num="74" count="0" type="stmt"/>
        <line num="76" count="1" type="stmt"/>
        <line num="79" count="9" type="stmt"/>
        <line num="81" count="0" type="cond" truecount="0" falsecount="2"/>
        <line num="82" count="0" type="stmt"/>
        <line num="85" count="9" type="stmt"/>
        <line num="86" count="9" type="stmt"/>
        <line num="87" count="8" type="cond" truecount="2" falsecount="0"/>
        <line num="89" count="6" type="stmt"/>
        <line num="91" count="8" type="cond" truecount="2" falsecount="0"/>
        <line num="93" count="1" type="stmt"/>
        <line num="94" count="1" type="stmt"/>
        <line num="96" count="1" type="stmt"/>
        <line num="99" count="9" type="stmt"/>
        <line num="159" count="1" type="stmt"/>
      </file>
      <file name="style.js" path="/Users/hussainibulama/nowsinage/screens/HomeScreen/style.js">
        <metrics statements="1" coveredstatements="1" conditionals="0" coveredconditionals="0" methods="0" coveredmethods="0"/>
        <line num="3" count="1" type="stmt"/>
      </file>
    </package>
    <package name="screens.WelcomeScreen">
      <metrics statements="17" coveredstatements="17" conditionals="24" coveredconditionals="24" methods="3" coveredmethods="3"/>
      <file name="index.js" path="/Users/hussainibulama/nowsinage/screens/WelcomeScreen/index.js">
        <metrics statements="16" coveredstatements="16" conditionals="24" coveredconditionals="24" methods="3" coveredmethods="3"/>
        <line num="14" count="1" type="stmt"/>
        <line num="15" count="29" type="stmt"/>
        <line num="16" count="29" type="stmt"/>
        <line num="19" count="29" type="stmt"/>
        <line num="26" count="29" type="stmt"/>
        <line num="28" count="2" type="stmt"/>
        <line num="29" count="2" type="stmt"/>
        <line num="30" count="2" type="cond" truecount="2" falsecount="0"/>
        <line num="31" count="1" type="stmt"/>
        <line num="33" count="1" type="stmt"/>
        <line num="35" count="1" type="stmt"/>
        <line num="36" count="1" type="stmt"/>
        <line num="41" count="29" type="stmt"/>
        <line num="46" count="2" type="stmt"/>
        <line num="58" count="29" type="stmt"/>
        <line num="59" count="29" type="stmt"/>
      </file>
      <file name="style.js" path="/Users/hussainibulama/nowsinage/screens/WelcomeScreen/style.js">
        <metrics statements="1" coveredstatements="1" conditionals="0" coveredconditionals="0" methods="0" coveredmethods="0"/>
        <line num="3" count="1" type="stmt"/>
      </file>
    </package>
    <package name="utilities">
      <metrics statements="11" coveredstatements="8" conditionals="2" coveredconditionals="1" methods="4" coveredmethods="3"/>
      <file name="helpers.js" path="/Users/hussainibulama/nowsinage/utilities/helpers.js">
        <metrics statements="3" coveredstatements="3" conditionals="0" coveredconditionals="0" methods="2" coveredmethods="2"/>
        <line num="10" count="19" type="stmt"/>
        <line num="15" count="19" type="stmt"/>
        <line num="25" count="19" type="stmt"/>
      </file>
      <file name="http.js" path="/Users/hussainibulama/nowsinage/utilities/http.js">
        <metrics statements="2" coveredstatements="2" conditionals="0" coveredconditionals="0" methods="0" coveredmethods="0"/>
        <line num="4" count="1" type="stmt"/>
        <line num="5" count="1" type="stmt"/>
      </file>
      <file name="storage.js" path="/Users/hussainibulama/nowsinage/utilities/storage.js">
        <metrics statements="6" coveredstatements="3" conditionals="2" coveredconditionals="1" methods="2" coveredmethods="1"/>
        <line num="5" count="0" type="stmt"/>
        <line num="10" count="6" type="stmt"/>
        <line num="11" count="6" type="cond" truecount="1" falsecount="1"/>
        <line num="12" count="0" type="stmt"/>
        <line num="13" count="0" type="stmt"/>
        <line num="15" count="6" type="stmt"/>
      </file>
    </package>
  </project>
</coverage>
