{"/Users/hussainibulama/nowsinage/screens/HomeScreen/index.js": {"path":"/Users/hussainibulama/nowsinage/screens/HomeScreen/index.js","statementMap":{"0":{"start":{"line":13,"column":19},"end":{"line":164,"column":1}},"1":{"start":{"line":20,"column":16},"end":{"line":20,"column":28}},"2":{"start":{"line":21,"column":40},"end":{"line":21,"column":61}},"3":{"start":{"line":22,"column":36},"end":{"line":22,"column":60}},"4":{"start":{"line":23,"column":30},"end":{"line":23,"column":51}},"5":{"start":{"line":24,"column":28},"end":{"line":24,"column":45}},"6":{"start":{"line":26,"column":22},"end":{"line":31,"column":3}},"7":{"start":{"line":28,"column":14},"end":{"line":28,"column":46}},"8":{"start":{"line":29,"column":18},"end":{"line":29,"column":69}},"9":{"start":{"line":30,"column":4},"end":{"line":30,"column":26}},"10":{"start":{"line":33,"column":30},"end":{"line":58,"column":8}},"11":{"start":{"line":35,"column":4},"end":{"line":57,"column":5}},"12":{"start":{"line":36,"column":6},"end":{"line":36,"column":22}},"13":{"start":{"line":38,"column":19},"end":{"line":38,"column":35}},"14":{"start":{"line":39,"column":25},"end":{"line":39,"column":50}},"15":{"start":{"line":42,"column":31},"end":{"line":48,"column":7}},"16":{"start":{"line":44,"column":23},"end":{"line":44,"column":46}},"17":{"start":{"line":45,"column":10},"end":{"line":45,"column":40}},"18":{"start":{"line":46,"column":10},"end":{"line":46,"column":22}},"19":{"start":{"line":50,"column":6},"end":{"line":50,"column":39}},"20":{"start":{"line":51,"column":6},"end":{"line":51,"column":23}},"21":{"start":{"line":53,"column":6},"end":{"line":53,"column":44}},"22":{"start":{"line":55,"column":6},"end":{"line":55,"column":21}},"23":{"start":{"line":56,"column":6},"end":{"line":56,"column":23}},"24":{"start":{"line":60,"column":31},"end":{"line":69,"column":3}},"25":{"start":{"line":62,"column":22},"end":{"line":62,"column":51}},"26":{"start":{"line":63,"column":4},"end":{"line":68,"column":5}},"27":{"start":{"line":64,"column":6},"end":{"line":64,"column":32}},"28":{"start":{"line":67,"column":6},"end":{"line":67,"column":28}},"29":{"start":{"line":71,"column":19},"end":{"line":78,"column":3}},"30":{"start":{"line":73,"column":4},"end":{"line":77,"column":5}},"31":{"start":{"line":74,"column":6},"end":{"line":74,"column":22}},"32":{"start":{"line":76,"column":6},"end":{"line":76,"column":34}},"33":{"start":{"line":79,"column":21},"end":{"line":84,"column":3}},"34":{"start":{"line":81,"column":4},"end":{"line":83,"column":5}},"35":{"start":{"line":82,"column":6},"end":{"line":82,"column":17}},"36":{"start":{"line":85,"column":23},"end":{"line":85,"column":27}},"37":{"start":{"line":86,"column":2},"end":{"line":98,"column":31}},"38":{"start":{"line":87,"column":4},"end":{"line":90,"column":5}},"39":{"start":{"line":89,"column":6},"end":{"line":89,"column":29}},"40":{"start":{"line":91,"column":4},"end":{"line":97,"column":5}},"41":{"start":{"line":93,"column":25},"end":{"line":95,"column":22}},"42":{"start":{"line":94,"column":8},"end":{"line":94,"column":19}},"43":{"start":{"line":96,"column":6},"end":{"line":96,"column":44}},"44":{"start":{"line":96,"column":19},"end":{"line":96,"column":43}},"45":{"start":{"line":99,"column":2},"end":{"line":163,"column":4}},"46":{"start":{"line":159,"column":46},"end":{"line":159,"column":78}}},"fnMap":{"0":{"name":"(anonymous_0)","decl":{"start":{"line":13,"column":19},"end":{"line":13,"column":20}},"loc":{"start":{"line":19,"column":6},"end":{"line":164,"column":1}},"line":19},"1":{"name":"(anonymous_1)","decl":{"start":{"line":26,"column":22},"end":{"line":26,"column":23}},"loc":{"start":{"line":26,"column":38},"end":{"line":31,"column":3}},"line":26},"2":{"name":"(anonymous_2)","decl":{"start":{"line":33,"column":42},"end":{"line":33,"column":43}},"loc":{"start":{"line":33,"column":54},"end":{"line":58,"column":3}},"line":33},"3":{"name":"(anonymous_3)","decl":{"start":{"line":43,"column":25},"end":{"line":43,"column":26}},"loc":{"start":{"line":43,"column":41},"end":{"line":47,"column":9}},"line":43},"4":{"name":"(anonymous_4)","decl":{"start":{"line":60,"column":31},"end":{"line":60,"column":32}},"loc":{"start":{"line":60,"column":43},"end":{"line":69,"column":3}},"line":60},"5":{"name":"(anonymous_5)","decl":{"start":{"line":71,"column":19},"end":{"line":71,"column":20}},"loc":{"start":{"line":71,"column":25},"end":{"line":78,"column":3}},"line":71},"6":{"name":"(anonymous_6)","decl":{"start":{"line":79,"column":21},"end":{"line":79,"column":22}},"loc":{"start":{"line":79,"column":33},"end":{"line":84,"column":3}},"line":79},"7":{"name":"(anonymous_7)","decl":{"start":{"line":86,"column":12},"end":{"line":86,"column":13}},"loc":{"start":{"line":86,"column":18},"end":{"line":98,"column":3}},"line":86},"8":{"name":"(anonymous_8)","decl":{"start":{"line":93,"column":36},"end":{"line":93,"column":37}},"loc":{"start":{"line":93,"column":42},"end":{"line":95,"column":7}},"line":93},"9":{"name":"(anonymous_9)","decl":{"start":{"line":96,"column":13},"end":{"line":96,"column":14}},"loc":{"start":{"line":96,"column":19},"end":{"line":96,"column":43}},"line":96},"10":{"name":"(anonymous_10)","decl":{"start":{"line":159,"column":34},"end":{"line":159,"column":35}},"loc":{"start":{"line":159,"column":46},"end":{"line":159,"column":78}},"line":159}},"branchMap":{"0":{"loc":{"start":{"line":15,"column":2},"end":{"line":15,"column":18}},"type":"default-arg","locations":[{"start":{"line":15,"column":16},"end":{"line":15,"column":18}}],"line":15},"1":{"loc":{"start":{"line":16,"column":2},"end":{"line":16,"column":20}},"type":"default-arg","locations":[{"start":{"line":16,"column":19},"end":{"line":16,"column":20}}],"line":16},"2":{"loc":{"start":{"line":17,"column":2},"end":{"line":17,"column":21}},"type":"default-arg","locations":[{"start":{"line":17,"column":16},"end":{"line":17,"column":21}}],"line":17},"3":{"loc":{"start":{"line":18,"column":2},"end":{"line":18,"column":17}},"type":"default-arg","locations":[{"start":{"line":18,"column":12},"end":{"line":18,"column":17}}],"line":18},"4":{"loc":{"start":{"line":63,"column":4},"end":{"line":68,"column":5}},"type":"if","locations":[{"start":{"line":63,"column":4},"end":{"line":68,"column":5}},{"start":{"line":65,"column":11},"end":{"line":68,"column":5}}],"line":63},"5":{"loc":{"start":{"line":73,"column":4},"end":{"line":77,"column":5}},"type":"if","locations":[{"start":{"line":73,"column":4},"end":{"line":77,"column":5}},{"start":{"line":75,"column":11},"end":{"line":77,"column":5}}],"line":73},"6":{"loc":{"start":{"line":81,"column":4},"end":{"line":83,"column":5}},"type":"if","locations":[{"start":{"line":81,"column":4},"end":{"line":83,"column":5}},{"start":{},"end":{}}],"line":81},"7":{"loc":{"start":{"line":87,"column":4},"end":{"line":90,"column":5}},"type":"if","locations":[{"start":{"line":87,"column":4},"end":{"line":90,"column":5}},{"start":{},"end":{}}],"line":87},"8":{"loc":{"start":{"line":91,"column":4},"end":{"line":97,"column":5}},"type":"if","locations":[{"start":{"line":91,"column":4},"end":{"line":97,"column":5}},{"start":{},"end":{}}],"line":91},"9":{"loc":{"start":{"line":102,"column":7},"end":{"line":116,"column":7}},"type":"binary-expr","locations":[{"start":{"line":102,"column":7},"end":{"line":102,"column":13}},{"start":{"line":104,"column":8},"end":{"line":115,"column":15}}],"line":102},"10":{"loc":{"start":{"line":117,"column":7},"end":{"line":124,"column":7}},"type":"binary-expr","locations":[{"start":{"line":117,"column":7},"end":{"line":117,"column":12}},{"start":{"line":119,"column":8},"end":{"line":123,"column":15}}],"line":117},"11":{"loc":{"start":{"line":125,"column":7},"end":{"line":148,"column":7}},"type":"binary-expr","locations":[{"start":{"line":125,"column":7},"end":{"line":125,"column":47}},{"start":{"line":127,"column":8},"end":{"line":147,"column":11}}],"line":125},"12":{"loc":{"start":{"line":149,"column":7},"end":{"line":161,"column":7}},"type":"binary-expr","locations":[{"start":{"line":149,"column":7},"end":{"line":149,"column":47}},{"start":{"line":150,"column":8},"end":{"line":160,"column":10}}],"line":149}},"s":{"0":1,"1":9,"2":9,"3":9,"4":9,"5":9,"6":9,"7":18,"8":18,"9":0,"10":9,"11":6,"12":6,"13":6,"14":6,"15":6,"16":18,"17":0,"18":0,"19":0,"20":0,"21":0,"22":6,"23":6,"24":9,"25":6,"26":6,"27":0,"28":6,"29":9,"30":1,"31":0,"32":1,"33":9,"34":0,"35":0,"36":9,"37":9,"38":8,"39":6,"40":8,"41":1,"42":1,"43":1,"44":1,"45":9,"46":1},"f":{"0":9,"1":18,"2":6,"3":18,"4":6,"5":1,"6":0,"7":8,"8":1,"9":1,"10":1},"b":{"0":[7],"1":[9],"2":[7],"3":[7],"4":[0,6],"5":[0,1],"6":[0,0],"7":[6,2],"8":[1,7],"9":[9,3],"10":[9,2],"11":[9,1],"12":[9,1]},"_coverageSchema":"1a1c01bbd47fc00a2c39e90264f33305004495a9","hash":"508552d4f3cd9b6e67f089a066a7aa3c37affc59"}
,"/Users/hussainibulama/nowsinage/screens/HomeScreen/style.js": {"path":"/Users/hussainibulama/nowsinage/screens/HomeScreen/style.js","statementMap":{"0":{"start":{"line":3,"column":15},"end":{"line":26,"column":2}}},"fnMap":{},"branchMap":{},"s":{"0":1},"f":{},"b":{},"_coverageSchema":"1a1c01bbd47fc00a2c39e90264f33305004495a9","hash":"ea1ce195c9904d31ca0c8978a08d0f62f00e5ef6"}
,"/Users/hussainibulama/nowsinage/screens/WelcomeScreen/index.js": {"path":"/Users/hussainibulama/nowsinage/screens/WelcomeScreen/index.js","statementMap":{"0":{"start":{"line":14,"column":22},"end":{"line":124,"column":1}},"1":{"start":{"line":15,"column":34},"end":{"line":15,"column":49}},"2":{"start":{"line":16,"column":28},"end":{"line":16,"column":40}},"3":{"start":{"line":19,"column":27},"end":{"line":24,"column":4}},"4":{"start":{"line":26,"column":16},"end":{"line":38,"column":3}},"5":{"start":{"line":28,"column":4},"end":{"line":28,"column":22}},"6":{"start":{"line":29,"column":4},"end":{"line":29,"column":17}},"7":{"start":{"line":30,"column":4},"end":{"line":37,"column":5}},"8":{"start":{"line":31,"column":6},"end":{"line":31,"column":25}},"9":{"start":{"line":33,"column":6},"end":{"line":33,"column":34}},"10":{"start":{"line":35,"column":6},"end":{"line":35,"column":38}},"11":{"start":{"line":36,"column":6},"end":{"line":36,"column":25}},"12":{"start":{"line":41,"column":17},"end":{"line":47,"column":4}},"13":{"start":{"line":46,"column":26},"end":{"line":46,"column":43}},"14":{"start":{"line":58,"column":6},"end":{"line":58,"column":12}},"15":{"start":{"line":59,"column":2},"end":{"line":123,"column":4}}},"fnMap":{"0":{"name":"(anonymous_0)","decl":{"start":{"line":14,"column":22},"end":{"line":14,"column":23}},"loc":{"start":{"line":14,"column":40},"end":{"line":124,"column":1}},"line":14},"1":{"name":"(anonymous_1)","decl":{"start":{"line":26,"column":16},"end":{"line":26,"column":17}},"loc":{"start":{"line":26,"column":25},"end":{"line":38,"column":3}},"line":26},"2":{"name":"(anonymous_2)","decl":{"start":{"line":46,"column":14},"end":{"line":46,"column":15}},"loc":{"start":{"line":46,"column":26},"end":{"line":46,"column":43}},"line":46}},"branchMap":{"0":{"loc":{"start":{"line":30,"column":4},"end":{"line":37,"column":5}},"type":"if","locations":[{"start":{"line":30,"column":4},"end":{"line":37,"column":5}},{"start":{"line":34,"column":11},"end":{"line":37,"column":5}}],"line":30},"1":{"loc":{"start":{"line":67,"column":25},"end":{"line":67,"column":63}},"type":"binary-expr","locations":[{"start":{"line":67,"column":25},"end":{"line":67,"column":35}},{"start":{"line":67,"column":39},"end":{"line":67,"column":50}},{"start":{"line":67,"column":54},"end":{"line":67,"column":63}}],"line":67},"2":{"loc":{"start":{"line":68,"column":25},"end":{"line":68,"column":55}},"type":"binary-expr","locations":[{"start":{"line":68,"column":25},"end":{"line":68,"column":35}},{"start":{"line":68,"column":39},"end":{"line":68,"column":50}},{"start":{"line":68,"column":54},"end":{"line":68,"column":55}}],"line":68},"3":{"loc":{"start":{"line":88,"column":11},"end":{"line":88,"column":63}},"type":"cond-expr","locations":[{"start":{"line":88,"column":39},"end":{"line":88,"column":49}},{"start":{"line":88,"column":52},"end":{"line":88,"column":63}}],"line":88},"4":{"loc":{"start":{"line":88,"column":11},"end":{"line":88,"column":36}},"type":"binary-expr","locations":[{"start":{"line":88,"column":11},"end":{"line":88,"column":21}},{"start":{"line":88,"column":25},"end":{"line":88,"column":36}}],"line":88},"5":{"loc":{"start":{"line":88,"column":52},"end":{"line":88,"column":63}},"type":"binary-expr","locations":[{"start":{"line":88,"column":52},"end":{"line":88,"column":57}},{"start":{"line":88,"column":61},"end":{"line":88,"column":63}}],"line":88},"6":{"loc":{"start":{"line":93,"column":29},"end":{"line":93,"column":74}},"type":"cond-expr","locations":[{"start":{"line":93,"column":53},"end":{"line":93,"column":62}},{"start":{"line":93,"column":65},"end":{"line":93,"column":74}}],"line":93},"7":{"loc":{"start":{"line":93,"column":29},"end":{"line":93,"column":50}},"type":"binary-expr","locations":[{"start":{"line":93,"column":29},"end":{"line":93,"column":36}},{"start":{"line":93,"column":40},"end":{"line":93,"column":50}}],"line":93},"8":{"loc":{"start":{"line":102,"column":11},"end":{"line":119,"column":11}},"type":"cond-expr","locations":[{"start":{"line":103,"column":12},"end":{"line":108,"column":14}},{"start":{"line":110,"column":12},"end":{"line":118,"column":19}}],"line":102},"9":{"loc":{"start":{"line":113,"column":23},"end":{"line":113,"column":66}},"type":"cond-expr","locations":[{"start":{"line":113,"column":47},"end":{"line":113,"column":54}},{"start":{"line":113,"column":57},"end":{"line":113,"column":66}}],"line":113},"10":{"loc":{"start":{"line":113,"column":23},"end":{"line":113,"column":44}},"type":"binary-expr","locations":[{"start":{"line":113,"column":23},"end":{"line":113,"column":30}},{"start":{"line":113,"column":34},"end":{"line":113,"column":44}}],"line":113}},"s":{"0":1,"1":29,"2":29,"3":29,"4":29,"5":2,"6":2,"7":2,"8":1,"9":1,"10":1,"11":1,"12":29,"13":2,"14":29,"15":29},"f":{"0":29,"1":2,"2":2},"b":{"0":[1,1],"1":[29,2,2],"2":[29,2,2],"3":[2,27],"4":[29,2],"5":[27,25],"6":[19,10],"7":[29,27],"8":[5,24],"9":[14,10],"10":[24,22]},"_coverageSchema":"1a1c01bbd47fc00a2c39e90264f33305004495a9","hash":"192958d2e1e1422ecae357a4f492b995fedd29fa"}
,"/Users/hussainibulama/nowsinage/screens/WelcomeScreen/style.js": {"path":"/Users/hussainibulama/nowsinage/screens/WelcomeScreen/style.js","statementMap":{"0":{"start":{"line":3,"column":15},"end":{"line":67,"column":2}}},"fnMap":{},"branchMap":{},"s":{"0":1},"f":{},"b":{},"_coverageSchema":"1a1c01bbd47fc00a2c39e90264f33305004495a9","hash":"7af014c198e649879d1fd1c167f84bc884d65f89"}
,"/Users/hussainibulama/nowsinage/utilities/helpers.js": {"path":"/Users/hussainibulama/nowsinage/utilities/helpers.js","statementMap":{"0":{"start":{"line":10,"column":28},"end":{"line":14,"column":3}},"1":{"start":{"line":15,"column":2},"end":{"line":15,"column":27}},"2":{"start":{"line":25,"column":2},"end":{"line":25,"column":54}}},"fnMap":{"0":{"name":"downloadFile","decl":{"start":{"line":8,"column":16},"end":{"line":8,"column":28}},"loc":{"start":{"line":8,"column":39},"end":{"line":21,"column":1}},"line":8},"1":{"name":"getUrlExtension","decl":{"start":{"line":24,"column":16},"end":{"line":24,"column":31}},"loc":{"start":{"line":24,"column":37},"end":{"line":26,"column":1}},"line":24}},"branchMap":{},"s":{"0":19,"1":19,"2":19},"f":{"0":19,"1":19},"b":{},"_coverageSchema":"1a1c01bbd47fc00a2c39e90264f33305004495a9","hash":"f42b904d76d6a70834c67aae4f327d0595da1694"}
,"/Users/hussainibulama/nowsinage/utilities/http.js": {"path":"/Users/hussainibulama/nowsinage/utilities/http.js","statementMap":{"0":{"start":{"line":4,"column":17},"end":{"line":4,"column":66}},"1":{"start":{"line":5,"column":0},"end":{"line":5,"column":39}}},"fnMap":{},"branchMap":{},"s":{"0":1,"1":1},"f":{},"b":{},"_coverageSchema":"1a1c01bbd47fc00a2c39e90264f33305004495a9","hash":"cb01b16c4f3b26b823c7b2fc8b90125563240390"}
,"/Users/hussainibulama/nowsinage/utilities/storage.js": {"path":"/Users/hussainibulama/nowsinage/utilities/storage.js","statementMap":{"0":{"start":{"line":5,"column":2},"end":{"line":5,"column":64}},"1":{"start":{"line":10,"column":15},"end":{"line":10,"column":54}},"2":{"start":{"line":11,"column":2},"end":{"line":16,"column":3}},"3":{"start":{"line":12,"column":23},"end":{"line":12,"column":39}},"4":{"start":{"line":13,"column":4},"end":{"line":13,"column":22}},"5":{"start":{"line":15,"column":4},"end":{"line":15,"column":16}}},"fnMap":{"0":{"name":"storeCacheLocalUrls","decl":{"start":{"line":4,"column":22},"end":{"line":4,"column":41}},"loc":{"start":{"line":4,"column":48},"end":{"line":6,"column":1}},"line":4},"1":{"name":"getCacheLocalUrlLists","decl":{"start":{"line":9,"column":22},"end":{"line":9,"column":43}},"loc":{"start":{"line":9,"column":46},"end":{"line":17,"column":1}},"line":9}},"branchMap":{"0":{"loc":{"start":{"line":11,"column":2},"end":{"line":16,"column":3}},"type":"if","locations":[{"start":{"line":11,"column":2},"end":{"line":16,"column":3}},{"start":{"line":14,"column":9},"end":{"line":16,"column":3}}],"line":11}},"s":{"0":0,"1":6,"2":6,"3":0,"4":0,"5":6},"f":{"0":0,"1":6},"b":{"0":[0,6]},"_coverageSchema":"1a1c01bbd47fc00a2c39e90264f33305004495a9","hash":"e1aa5bef32a2b39eec276ec522b2863631036f95"}
}
