TN:
SF:screens/HomeScreen/index.js
FN:13,(anonymous_0)
FN:26,(anonymous_1)
FN:33,(anonymous_2)
FN:43,(anonymous_3)
FN:60,(anonymous_4)
FN:71,(anonymous_5)
FN:79,(anonymous_6)
FN:86,(anonymous_7)
FN:93,(anonymous_8)
FN:96,(anonymous_9)
FN:159,(anonymous_10)
FNF:11
FNH:10
FNDA:9,(anonymous_0)
FNDA:18,(anonymous_1)
FNDA:6,(anonymous_2)
FNDA:18,(anonymous_3)
FNDA:6,(anonymous_4)
FNDA:1,(anonymous_5)
FNDA:0,(anonymous_6)
FNDA:8,(anonymous_7)
FNDA:1,(anonymous_8)
FNDA:1,(anonymous_9)
FNDA:1,(anonymous_10)
DA:13,1
DA:20,9
DA:21,9
DA:22,9
DA:23,9
DA:24,9
DA:26,9
DA:28,18
DA:29,18
DA:30,0
DA:33,9
DA:35,6
DA:36,6
DA:38,6
DA:39,6
DA:42,6
DA:44,18
DA:45,0
DA:46,0
DA:50,0
DA:51,0
DA:53,0
DA:55,6
DA:56,6
DA:60,9
DA:62,6
DA:63,6
DA:64,0
DA:67,6
DA:71,9
DA:73,1
DA:74,0
DA:76,1
DA:79,9
DA:81,0
DA:82,0
DA:85,9
DA:86,9
DA:87,8
DA:89,6
DA:91,8
DA:93,1
DA:94,1
DA:96,1
DA:99,9
DA:159,1
LF:46
LH:36
BRDA:15,0,0,7
BRDA:16,1,0,9
BRDA:17,2,0,7
BRDA:18,3,0,7
BRDA:63,4,0,0
BRDA:63,4,1,6
BRDA:73,5,0,0
BRDA:73,5,1,1
BRDA:81,6,0,0
BRDA:81,6,1,0
BRDA:87,7,0,6
BRDA:87,7,1,2
BRDA:91,8,0,1
BRDA:91,8,1,7
BRDA:102,9,0,9
BRDA:102,9,1,3
BRDA:117,10,0,9
BRDA:117,10,1,2
BRDA:125,11,0,9
BRDA:125,11,1,1
BRDA:149,12,0,9
BRDA:149,12,1,1
BRF:22
BRH:18
end_of_record
TN:
SF:screens/HomeScreen/style.js
FNF:0
FNH:0
DA:3,1
LF:1
LH:1
BRF:0
BRH:0
end_of_record
TN:
SF:screens/WelcomeScreen/index.js
FN:14,(anonymous_0)
FN:26,(anonymous_1)
FN:46,(anonymous_2)
FNF:3
FNH:3
FNDA:29,(anonymous_0)
FNDA:2,(anonymous_1)
FNDA:2,(anonymous_2)
DA:14,1
DA:15,29
DA:16,29
DA:19,29
DA:26,29
DA:28,2
DA:29,2
DA:30,2
DA:31,1
DA:33,1
DA:35,1
DA:36,1
DA:41,29
DA:46,2
DA:58,29
DA:59,29
LF:16
LH:16
BRDA:30,0,0,1
BRDA:30,0,1,1
BRDA:67,1,0,29
BRDA:67,1,1,2
BRDA:67,1,2,2
BRDA:68,2,0,29
BRDA:68,2,1,2
BRDA:68,2,2,2
BRDA:88,3,0,2
BRDA:88,3,1,27
BRDA:88,4,0,29
BRDA:88,4,1,2
BRDA:88,5,0,27
BRDA:88,5,1,25
BRDA:93,6,0,19
BRDA:93,6,1,10
BRDA:93,7,0,29
BRDA:93,7,1,27
BRDA:102,8,0,5
BRDA:102,8,1,24
BRDA:113,9,0,14
BRDA:113,9,1,10
BRDA:113,10,0,24
BRDA:113,10,1,22
BRF:24
BRH:24
end_of_record
TN:
SF:screens/WelcomeScreen/style.js
FNF:0
FNH:0
DA:3,1
LF:1
LH:1
BRF:0
BRH:0
end_of_record
TN:
SF:utilities/helpers.js
FN:8,downloadFile
FN:24,getUrlExtension
FNF:2
FNH:2
FNDA:19,downloadFile
FNDA:19,getUrlExtension
DA:10,19
DA:15,19
DA:25,19
LF:3
LH:3
BRF:0
BRH:0
end_of_record
TN:
SF:utilities/http.js
FNF:0
FNH:0
DA:4,1
DA:5,1
LF:2
LH:2
BRF:0
BRH:0
end_of_record
TN:
SF:utilities/storage.js
FN:4,storeCacheLocalUrls
FN:9,getCacheLocalUrlLists
FNF:2
FNH:1
FNDA:0,storeCacheLocalUrls
FNDA:6,getCacheLocalUrlLists
DA:5,0
DA:10,6
DA:11,6
DA:12,0
DA:13,0
DA:15,6
LF:6
LH:3
BRDA:11,0,0,0
BRDA:11,0,1,6
BRF:2
BRH:1
end_of_record
